app/proguard-rules.pro
# Add project specific ProGuard rules here.
# You can control the set of applied configuration files using the
# proguardFiles setting in build.gradle.
#
# For more details, see
#   http://developer.android.com/guide/developing/tools/proguard.html

# Performance optimization flags
-optimizations !code/simplification/arithmetic,!code/simplification/cast,!field/*,!class/merging/*
-optimizationpasses 5
-allowaccessmodification
-dontpreverify

# Preserve line numbers for debugging
-keepattributes SourceFile,LineNumberTable
-renamesourcefileattribute SourceFile

# Keep Gson classes
-keep class com.google.gson.** { *; }
-keep class * implements com.google.gson.TypeAdapterFactory
-keep class * implements com.google.gson.JsonSerializer
-keep class * implements com.google.gson.JsonDeserializer
-keepattributes Signature
-keepattributes *Annotation*

# Keep data model classes for Gson serialization
-keep class com.sugboaid.donation.models.** { *; }
-keep class com.sugboaid.models.** { *; }

# Keep ZXing classes
-keep class com.google.zxing.** { *; }
-keep class com.journeyapps.barcodescanner.** { *; }

# Keep MPAndroidChart classes
-keep class com.github.mikephil.charting.** { *; }

# Keep ViewModels
-keep class * extends androidx.lifecycle.ViewModel {
    <init>(...);
}
-keep class * extends androidx.lifecycle.AndroidViewModel {
    <init>(...);
}

# Keep LiveData
-keep class androidx.lifecycle.LiveData { *; }
-keep class androidx.lifecycle.MutableLiveData { *; }

# Keep Fragment constructors
-keepclassmembers class * extends androidx.fragment.app.Fragment {
    public <init>(...);
}

# Keep Activity constructors
-keepclassmembers class * extends androidx.appcompat.app.AppCompatActivity {
    public <init>(...);
}

# Keep RecyclerView ViewHolders
-keep class * extends androidx.recyclerview.widget.RecyclerView$ViewHolder {
    <init>(...);
}

# Keep custom views
-keep class * extends android.view.View {
    <init>(android.content.Context);
    <init>(android.content.Context, android.util.AttributeSet);
    <init>(android.content.Context, android.util.AttributeSet, int);
}

# Performance optimization utilities
-keep class com.sugboaid.utils.PerformanceOptimizer { *; }
-keep class com.sugboaid.utils.MemoryLeakDetector { *; }
-keep class com.sugboaid.utils.ImageCacheManager { *; }

# Keep repository classes
-keep class com.sugboaid.repositories.** { *; }
-keep class com.sugboaid.donation.repositories.** { *; }

# Keep adapter classes
-keep class com.sugboaid.donation.adapters.** { *; }

# Keep utility classes
-keep class com.sugboaid.utils.** { *; }
-keep class com.sugboaid.donation.utils.** { *; }

# Glide optimizations
-keep public class * implements com.bumptech.glide.module.GlideModule
-keep public class * extends com.bumptech.glide.module.AppGlideModule
-keep public enum com.bumptech.glide.load.ImageHeaderParser$** {
  **[] $VALUES;
  public *;
}

# LeakCanary
-keep class leakcanary.** { *; }
-keep class com.squareup.leakcanary.** { *; }

# Remove logging in release builds
-assumenosideeffects class android.util.Log {
    public static boolean isLoggable(java.lang.String, int);
    public static int v(...);
    public static int i(...);
    public static int w(...);
    public static int d(...);
    public static int e(...);
}

# Optimize enums
-optimizations class/unboxing/enum

# Remove debug code
-assumenosideeffects class * {
    void debug(...);
    void trace(...);
}

# Keep native methods
-keepclasseswithmembernames class * {
    native <methods>;
}

# Keep serializable classes
-keepnames class * implements java.io.Serializable
-keepclassmembers class * implements java.io.Serializable {
    static final long serialVersionUID;
    private static final java.io.ObjectStreamField[] serialPersistentFields;
    !static !transient <fields>;
    !private <fields>;
    !private <methods>;
    private void writeObject(java.io.ObjectOutputStream);
    private void readObject(java.io.ObjectInputStream);
    java.lang.Object writeReplace();
    java.lang.Object readResolve();
}

# Keep Parcelable classes
-keep class * implements android.os.Parcelable {
  public static final android.os.Parcelable$Creator *;
}

# Fix R8 missing classes
-dontwarn org.slf4j.**
-keep class org.slf4j.** { *; }
-dontwarn org.slf4j.impl.StaticLoggerBinder