app/build/outputs/mapping/developmentRelease/seeds.txt
com.sugboaid.donation.fragments.DonationSuccessFragment
com.sugboaid.donation.utils.NotificationActionReceiver
com.sugboaid.donation.views.StatisticsCard
com.sugboaid.donation.adapters.InventoryAdapter$1
com.sugboaid.donation.utils.NotificationManager
com.sugboaid.donation.utils.QRCodeGenerator
com.sugboaid.donation.viewmodels.TransparencyViewModel
com.sugboaid.donation.fragments.TransparencyMapFragment
com.sugboaid.donation.utils.LoadingStateManager
com.sugboaid.donation.fragments.TransparencyFragment
com.sugboaid.donation.adapters.ImpactStoryAdapter$StoryViewHolder
com.sugboaid.donation.views.InteractiveMapView
com.sugboaid.donation.fragments.BaseFragment
com.sugboaid.donation.adapters.NotificationAdapter
com.sugboaid.donation.adapters.RecentActivitiesAdapter$OnItemClickListener
com.sugboaid.donation.utils.AnimationUtils$1
com.sugboaid.donation.utils.NotificationManager$1
com.sugboaid.donation.utils.InventoryCardTestHelper
com.sugboaid.donation.adapters.NotificationAdapter$NotificationViewHolder
com.sugboaid.donation.adapters.BarangayAdapter
com.sugboaid.donation.adapters.RecentActivitiesAdapter$1
com.sugboaid.donation.utils.AnimationUtils$AnimationType
com.sugboaid.donation.utils.NotificationManager$3
com.sugboaid.donation.utils.InventoryNotificationHelper
com.sugboaid.donation.utils.MicroInteractionHelper
com.sugboaid.donation.adapters.NotificationAdapter$OnNotificationSwipeListener
com.sugboaid.donation.adapters.ImpactStoryAdapter
com.sugboaid.donation.utils.QRCodeUtils$InventoryQRData
com.sugboaid.donation.utils.AndroidNotificationManager$1
com.sugboaid.donation.models.BarangayLocation
com.sugboaid.donation.adapters.BarangayAdapter$BarangayViewHolder
com.sugboaid.donation.utils.NotificationManager$2
com.sugboaid.donation.views.AnimatedGradientButton
com.sugboaid.donation.fragments.DashboardFragment
com.sugboaid.donation.utils.InventoryNotificationHelper$NotificationIds
com.sugboaid.donation.viewmodels.NotificationViewModel
com.sugboaid.donation.models.ImpactStory
com.sugboaid.donation.adapters.NotificationAdapter$1
com.sugboaid.donation.utils.NotificationPermissionHelper$PermissionCallback
com.sugboaid.donation.adapters.TransactionAdapter$OnTransactionClickListener
com.sugboaid.donation.repositories.NotificationRepository
com.sugboaid.donation.viewmodels.InventoryViewModel
com.sugboaid.donation.repositories.NotificationRepository$1
com.sugboaid.donation.viewmodels.DashboardViewModel
com.sugboaid.donation.DataBinderMapperImpl
com.sugboaid.donation.views.GlassmorphicCardView
com.sugboaid.donation.utils.QRCodeUtils
com.sugboaid.donation.utils.MicroInteractionHelper$1
com.sugboaid.donation.viewmodels.DonationViewModel
com.sugboaid.donation.fragments.NotificationsFragment
com.sugboaid.donation.adapters.BarangayAdapter$OnBarangayClickListener
com.sugboaid.donation.fragments.ReportsFragment
com.sugboaid.donation.adapters.NotificationAdapter$OnNotificationClickListener
com.sugboaid.donation.utils.AnimationUtils
com.sugboaid.donation.adapters.InventoryAdapter$OnInventoryItemClickListener
com.sugboaid.donation.utils.MicroInteractionHelper$2
com.sugboaid.donation.adapters.TransactionAdapter$TransactionViewHolder
com.sugboaid.donation.utils.AnimationUtils$TransitionType
com.sugboaid.donation.adapters.ImpactStoryAdapter$OnStoryClickListener
com.sugboaid.donation.fragments.InventoryFragment
com.sugboaid.donation.adapters.RecentActivitiesAdapter
com.sugboaid.donation.adapters.TransactionAdapter
com.sugboaid.donation.views.ShimmerView
com.sugboaid.donation.adapters.InventoryAdapter$InventoryViewHolder
com.sugboaid.donation.adapters.InventoryAdapter
com.sugboaid.donation.utils.MicroInteractionHelper$3
com.sugboaid.donation.adapters.RecentActivitiesAdapter$RecentActivityViewHolder
com.sugboaid.donation.adapters.TransactionAdapter$1
com.sugboaid.donation.fragments.TransparencyStoriesFragment
com.sugboaid.donation.utils.AndroidNotificationManager
com.sugboaid.donation.utils.NotificationPermissionHelper
...
com.google.android.material.timepicker.ClockFaceView
com.google.zxing.oned.EAN8Writer
com.google.android.material.circularreveal.CircularRevealLinearLayout
org.bouncycastle.pqc.jcajce.provider.xmss.BCXMSSPrivateKey
com.google.zxing.aztec.encoder.State
androidx.constraintlayout.utils.widget.MotionButton
com.sugboaid.utils.AuthErrorHandler$ErrorResult$Builder
com.github.mikephil.charting.data.CandleData
kotlin.coroutines.CoroutineContext$plus$1
androidx.coordinatorlayout.widget.CoordinatorLayout
kotlin.jvm.internal.Ref$IntRef
org.slf4j.helpers.NOPLoggerFactory
com.sugboaid.utils.ImageCacheManager$DrawableToBitmapTask
org.slf4j.MDC
androidx.slidingpanelayout.widget.SlidingPaneLayout$SavedState
com.google.gson.internal.ConstructorConstructor$5
com.google.android.material.button.MaterialButtonToggleGroup
kotlinx.coroutines.internal.ExceptionsConstructorKt$safeCtor$1
com.github.mikephil.charting.animation.Easing$14
com.bumptech.glide.load.data.ParcelFileDescriptorRewinder$InternalRewinder
com.google.zxing.common.PerspectiveTransform
com.itextpdf.layout.borders.Border$Side
com.github.mikephil.charting.data.BubbleEntry
kotlin.coroutines.EmptyCoroutineContext
com.google.gson.internal.bind.ObjectTypeAdapter
androidx.lifecycle.AndroidViewModel
com.sugboaid.utils.AuthErrorRecovery
androidx.swiperefreshlayout.widget.CircleImageView
com.github.mikephil.charting.interfaces.datasets.IBarDataSet
com.google.zxing.Binarizer
com.github.mikephil.charting.animation.Easing$6
com.google.gson.internal.Excluder
com.google.gson.internal.bind.TypeAdapters$35$1
com.google.gson.internal.bind.TypeAdapters$20
androidx.appcompat.widget.ButtonBarLayout
androidx.constraintlayout.helper.widget.Flow
com.google.android.material.search.SearchBar$SavedState
com.google.zxing.datamatrix.decoder.Version$ECBlocks
com.google.android.material.appbar.MaterialToolbar
com.sugboaid.repositories.DonationRepository
com.google.android.material.datepicker.MaterialCalendar
androidx.appcompat.widget.ActivityChooserView$InnerLayout
com.google.zxing.oned.UPCEANWriter
com.google.zxing.datamatrix.decoder.DecodedBitStreamParser
com.google.gson.internal.bind.CollectionTypeAdapterFactory
com.google.zxing.client.android.R
androidx.appcompat.widget.Toolbar
com.github.mikephil.charting.renderer.CandleStickChartRenderer
com.google.zxing.client.android.BuildConfig
kotlinx.coroutines.channels.ClosedSendChannelException
com.github.mikephil.charting.data.RadarDataSet
androidx.window.layout.SafeWindowLayoutComponentProvider$isFoldingFeatureValid$1
com.google.zxing.oned.rss.expanded.RSSExpandedReader
kotlinx.coroutines.flow.AbstractFlow$collect$1
org.slf4j.helpers.SubstituteLoggerFactory
kotlin.text.RegexOption
androidx.navigation.NavDeepLink$fragArgs$2
org.bouncycastle.pqc.crypto.lms.LMOtsParameters$1
com.google.android.material.bottomnavigation.BottomNavigationItemView
com.github.mikephil.charting.utils.MPPointF
com.google.gson.internal.LinkedHashTreeMap$KeySet
com.github.mikephil.charting.renderer.LineChartRenderer$1
androidx.appcompat.widget.ActionMenuPresenter$OverflowMenuButton
com.github.mikephil.charting.charts.CandleStickChart
com.journeyapps.barcodescanner.DecoderThread$1
com.journeyapps.barcodescanner.camera.CameraInstance$3
androidx.appcompat.view.menu.ExpandedMenuView
androidx.appcompat.widget.FitWindowsFrameLayout
com.github.mikephil.charting.buffer.HorizontalBarBuffer
com.google.android.material.datepicker.MaterialCalendarGridView
com.google.zxing.aztec.decoder.Decoder$1
kotlin.coroutines.jvm.internal.SuspendLambda
com.google.zxing.common.reedsolomon.GenericGFPoly
com.google.gson.internal.bind.TypeAdapters$25
com.google.gson.internal.ConstructorConstructor$3
androidx.fragment.app.FragmentManager$LaunchedFragmentInfo
androidx.appcompat.widget.AppCompatToggleButton
androidx.emoji2.text.EmojiCompatInitializer
com.github.mikephil.charting.animation.Easing
com.google.zxing.datamatrix.encoder.X12Encoder
com.google.gson.internal.LinkedHashTreeMap$KeySet$1