app/build/outputs/mapping/developmentRelease/usage.txt
com.sugboaid.donation.BR
com.sugboaid.donation.BuildConfig
com.sugboaid.donation.DataBinderMapperImpl$InnerBrLookup
com.sugboaid.donation.DataBinderMapperImpl$InnerLayoutIdLookup
com.sugboaid.donation.DataBinderMapperImpl:
    public java.lang.String convertBrIdToString(int)
    public androidx.databinding.ViewDataBinding getDataBinder(androidx.databinding.DataBindingComponent,android.view.View,int)
    public androidx.databinding.ViewDataBinding getDataBinder(androidx.databinding.DataBindingComponent,android.view.View[],int)
    public int getLayoutId(java.lang.String)
com.sugboaid.donation.DataBindingTriggerClass
com.sugboaid.donation.R$anim:
    public static int bounce_in
    public static int bounce_interpolator
    public static int button_press
    public static int button_release
    public static int overshoot_interpolator
    public static int pulse
    public static int rotate_360
    public static int shake
    private void <init>()
com.sugboaid.donation.R$array
com.sugboaid.donation.R$attr:
    public static int animateNumbers
    public static int animationDuration
    public static int barCornerRadius
    public static int barHeight
    public static int barSpacing
    public static int colorBorderLight
    public static int colorBorderMedium
    public static int colorButtonDisabled
    public static int colorButtonOutline
    public static int colorButtonSurface
    public static int colorButtonTextDisabled
    public static int colorDivider
    public static int colorOverlayBackground
    public static int colorShadowLight
    public static int colorShadowMedium
    public static int colorSurfaceElevated
    public static int colorSurfacePrimary
    public static int colorSurfaceSecondary
    public static int colorSurfaceVariant
    public static int colorTextHint
    public static int colorTextOnPrimary
    public static int colorTextOnSurface
    public static int colorTextPrimary
    public static int colorTextSecondary
    public static int colorTextTertiary
    public static int cornerRadius
    public static int glassBackgroundAlpha
    public static int glassBackgroundColor
    public static int glassBorderColor
    public static int glassBorderWidth
    public static int glassCornerRadius
    public static int gradientEndColor
    public static int gradientOrientation
    public static int gradientStartColor
    public static int inactiveColor
    public static int mediumColor
    public static int statGradientEnd
com.sugboaid.donation.R$color:
    public static int background_color
    public static int background_primary
    public static int black
    public static int border_light
    public static int border_medium
    public static int bottom_nav_background
    public static int bottom_nav_item_color
    public static int button_disabled
    public static int button_outline
    public static int button_surface
    public static int button_text_disabled
    public static int dark_background
    public static int dark_gray
    public static int dark_surface
    public static int dark_surface_variant
    public static int divider_color
    public static int fab_background_color
    public static int fab_icon_color
    public static int glass_dark_40
    public static int glass_dark_60
    public static int glass_white_40
    public static int ic_launcher_background
    public static int item_background
    public static int overlay_background
    public static int primary_blue_10
    public static int primary_blue_light
    public static int purple_200
    public static int purple_500
    public static int purple_700
    public static int ripple_dark
    public static int ripple_light
    public static int shadow_light
    public static int shadow_medium
    public static int status_critical_light
    public static int status_healthy_light
    public static int status_low_light
    public static int status_moderate_light
    public static int success_green_light
com.sugboaid.donation.R$dimen
...
androidx.appcompat.view.menu.ListMenuPresenter:
    public final int mId
    public final int mItemIndexOffset
    public final int mItemLayoutRes
    public final int mThemeRes
    public final androidx.appcompat.view.menu.ListMenuPresenter$MenuAdapter getAdapter()
    public final androidx.appcompat.view.menu.MenuView getMenuView()
    public static void restoreHierarchyState()
    public static void saveHierarchyState()
androidx.appcompat.view.menu.MenuAdapter:
    public static androidx.appcompat.view.menu.MenuBuilder getAdapterMenu()
    public static void setForceShowIcon()
androidx.appcompat.view.menu.MenuBuilder:
    public final android.view.ContextMenu$ContextMenuInfo mCurrentMenuInfo
    public final boolean mOptionalIconsVisible
    public final void addMenuPresenter(androidx.appcompat.view.menu.MenuPresenter)
    public static void changeMenuMode()
    public static androidx.appcompat.view.menu.MenuItemImpl createNewMenuItem()
    public static void dispatchPresenterUpdate()
    public static void dispatchRestoreInstanceState()
    public static void dispatchSaveInstanceState()
    public static boolean dispatchSubMenuSelected()
    public static int findGroupIndex()
    public static int findGroupIndex$1()
    public static int findInsertIndex()
    public static int findItemIndex()
    public static java.util.ArrayList getActionItems()
    public static android.content.Context getContext()
    public static androidx.appcompat.view.menu.MenuItemImpl getExpandedItem()
    public static android.graphics.drawable.Drawable getHeaderIcon()
    public static java.lang.CharSequence getHeaderTitle()
    public static android.view.View getHeaderView()
    public static java.util.ArrayList getNonActionItems()
    public static boolean getOptionalIconsVisible()
    public static android.content.res.Resources getResources()
    public final void onItemActionRequestChanged()
    public final void onItemVisibleChanged()
    public final void performItemAction(int,android.view.MenuItem)
    public final void removeItemAtInt(int,boolean)
androidx.appcompat.view.menu.MenuDialogHelper:
    public final androidx.appcompat.view.menu.MenuPresenter$Callback mPresenterCallback
    public static void dismiss()
    public static void show()
androidx.appcompat.view.menu.MenuItemImpl$1:
    public final void onActionProviderVisibilityChanged()
androidx.appcompat.view.menu.MenuItemImpl:
    public final java.lang.Runnable mItemCallback
    public android.view.ContextMenu$ContextMenuInfo mMenuInfo
    public static void actionFormatChanged()
    public static int getOrdering()
    public final char getShortcut()
    public static java.lang.String getShortcutLabel()
    public final java.lang.CharSequence getTitleForItemView(androidx.appcompat.view.menu.MenuView$ItemView)
    public static boolean invoke()
    public final boolean isActionButton()
    public final boolean isExclusiveCheckable()
    public final boolean requestsActionButton()
    public final boolean requiresActionButton()
    public final androidx.core.internal.view.SupportMenuItem setActionView()
    public final androidx.core.internal.view.SupportMenuItem setActionView(android.view.View)
    public final void setActionViewExpanded(boolean)
    public final void setCheckedInt(boolean)
    public static void setMenuInfo()
    public final androidx.core.internal.view.SupportMenuItem setShowAsActionFlags()
    public final void setSubMenu(androidx.appcompat.view.menu.SubMenuBuilder)
    public final boolean setVisibleInt(boolean)
    public static boolean shouldShowIcon()
    public final boolean shouldShowShortcut()
    public static boolean showsTextAsAction()
androidx.appcompat.view.menu.MenuItemWrapperICS$ActionProviderWrapperJB:
    public final synthetic androidx.appcompat.view.menu.MenuItemWrapperICS this$0
androidx.appcompat.view.menu.MenuItemWrapperICS$CollapsibleActionViewWrapper:
    public static android.view.View getWrappedView()